<?xml version="1.0" encoding="UTF-8"?>
<testng-results total="2" passed="2" failed="0" skipped="0">
  <reporter-output>
  </reporter-output>
  <suite started-at="2023-04-13T17:31:07Z" name="Default suite" finished-at="2023-04-13T17:31:22Z" duration-ms="15248">
    <groups>
    </groups>
    <test started-at="2023-04-13T17:31:07Z" name="Default test" finished-at="2023-04-13T17:31:22Z" duration-ms="15248">
      <class name="pageObjectModelTest.LaunchOrangeHire">
        <test-method is-config="true" signature="launchOrangehireApplicatio()[pri:0, instance:pageObjectModelTest.LaunchOrangeHire@54504ecd]" started-at="2023-04-13T12:31:07Z" name="launchOrangehireApplicatio" finished-at="2023-04-13T12:31:13Z" duration-ms="6214" status="PASS">
          <reporter-output>
          </reporter-output>
        </test-method> <!-- launchOrangehireApplicatio -->
        <test-method signature="launchUserInfo()[pri:0, instance:pageObjectModelTest.LaunchOrangeHire@54504ecd]" started-at="2023-04-13T12:31:13Z" name="launchUserInfo" finished-at="2023-04-13T12:31:14Z" duration-ms="1444" status="PASS">
          <reporter-output>
          </reporter-output>
        </test-method> <!-- launchUserInfo -->
        <test-method signature="navigateToMyInfoTab()[pri:0, instance:pageObjectModelTest.LaunchOrangeHire@54504ecd]" started-at="2023-04-13T12:31:14Z" name="navigateToMyInfoTab" finished-at="2023-04-13T12:31:22Z" duration-ms="7574" status="PASS">
          <reporter-output>
          </reporter-output>
        </test-method> <!-- navigateToMyInfoTab -->
      </class> <!-- pageObjectModelTest.LaunchOrangeHire -->
    </test> <!-- Default test -->
  </suite> <!-- Default suite -->
</testng-results>
